demo/build/outputs/logs/manifest-merger-debug-report.txt
-- Merging decision tree log ---
meta-data#com.amap.api.v2.apikey
INJECTED from PsyApp/demo/AndroidManifest.xml:80:9-82:43
	android:value
		INJECTED from PsyApp/demo/AndroidManifest.xml
		ADDED from PsyApp/demo/AndroidManifest.xml:82:13-40
	android:name
		ADDED from PsyApp/demo/AndroidManifest.xml:81:13-50
manifest
ADDED from PsyApp/demo/AndroidManifest.xml:2:1-540:12
INJECTED from PsyApp/demo/AndroidManifest.xml:2:1-540:12
INJECTED from PsyApp/demo/AndroidManifest.xml:2:1-540:12
MERGED from [:uikit] AndroidManifest.xml:2:1-164:12
MERGED from [:app] AndroidManifest.xml:2:1-79:12
MERGED from [cn.leancloud.android:avoscloud-push:v4.7.3] AndroidManifest.xml:2:1-11:12
MERGED from [com.crashlytics.sdk.android:crashlytics:2.8.0] AndroidManifest.xml:2:1-19:12
MERGED from [:rtskit] AndroidManifest.xml:2:1-32:12
MERGED from [com.google.firebase:firebase-core:11.6.0] AndroidManifest.xml:2:1-6:12
MERGED from [com.android.support:multidex:1.0.2] AndroidManifest.xml:17:1-22:12
MERGED from [com.google.firebase:firebase-messaging:11.6.0] AndroidManifest.xml:16:1-30:12
MERGED from [com.google.android.gms:play-services-base:11.6.0] AndroidManifest.xml:16:1-21:12
MERGED from [com.meizu.flyme.internet:push-internal:3.6.3] AndroidManifest.xml:2:1-34:12
MERGED from [com.huawei.android.hms:push:2.6.0.301] AndroidManifest.xml:2:1-9:12
MERGED from [com.netease.nimlib:jsbridge:1.3.1] AndroidManifest.xml:2:1-17:12
MERGED from [android.arch.lifecycle:extensions:1.1.0] AndroidManifest.xml:17:1-30:12
MERGED from [com.android.support:design:28.0.0-rc01] AndroidManifest.xml:17:1-24:12
MERGED from [com.android.support:appcompat-v7:28.0.0-rc01] AndroidManifest.xml:17:1-22:12
MERGED from [com.android.support:cardview-v7:28.0.0-rc01] AndroidManifest.xml:17:1-22:12
MERGED from [me.everything:overscroll-decor-android:1.0.4] AndroidManifest.xml:2:1-12:12
MERGED from [com.android.support:recyclerview-v7:28.0.0-rc01] AndroidManifest.xml:17:1-22:12
MERGED from [de.hdodenhof:circleimageview:2.1.0] AndroidManifest.xml:2:1-11:12
MERGED from [jp.wasabeef:glide-transformations:3.0.1] AndroidManifest.xml:2:1-12:12
MERGED from [pl.droidsonroids.gif:android-gif-drawable:1.1.17] AndroidManifest.xml:2:1-11:12
MERGED from [com.google.firebase:firebase-analytics:11.6.0] AndroidManifest.xml:16:1-35:12
MERGED from [com.google.firebase:firebase-analytics-impl:11.6.0] AndroidManifest.xml:16:1-29:12
MERGED from [com.google.firebase:firebase-iid:11.6.0] AndroidManifest.xml:16:1-47:12
MERGED from [com.google.firebase:firebase-common:11.6.0] AndroidManifest.xml:2:1-8:12
MERGED from [com.google.android.gms:play-services-tasks:11.6.0] AndroidManifest.xml:2:1-5:12
MERGED from [com.google.android.gms:play-services-basement:11.6.0] AndroidManifest.xml:16:1-23:12
MERGED from [com.android.support:support-v4:28.0.0-rc01] AndroidManifest.xml:17:1-22:12
MERGED from [cn.leancloud.android:avoscloud-feedback:v4.7.3] AndroidManifest.xml:2:1-11:12
MERGED from [cn.leancloud.android:avoscloud-sns:v4.7.3] AndroidManifest.xml:2:1-16:12
MERGED from [cn.leancloud.android:avoscloud-search:v4.7.3] AndroidManifest.xml:2:1-16:12
MERGED from [com.crashlytics.sdk.android:crashlytics-core:2.5.0] AndroidManifest.xml:45:1-56:12
MERGED from [com.crashlytics.sdk.android:beta:1.2.7] AndroidManifest.xml:2:1-13:12
MERGED from [com.crashlytics.sdk.android:answers:1.4.1] AndroidManifest.xml:2:1-13:12
MERGED from [io.fabric.sdk.android:fabric:1.4.1] AndroidManifest.xml:22:1-33:12
MERGED from [com.android.support.constraint:constraint-layout:1.0.2] AndroidManifest.xml:2:1-11:12
MERGED from [me.leolin:ShortcutBadger:1.1.17] AndroidManifest.xml:2:1-52:12
MERGED from [com.google.firebase:firebase-messaging-license:11.6.0] AndroidManifest.xml:2:1-6:12
MERGED from [com.google.android.gms:play-services-base-license:11.6.0] AndroidManifest.xml:2:1-6:12
MERGED from [com.huawei.android.hms:base:2.6.0.301] AndroidManifest.xml:2:1-23:12
MERGED from [com.android.support:animated-vector-drawable:28.0.0-rc01] AndroidManifest.xml:17:1-22:12
MERGED from [com.android.support:support-vector-drawable:28.0.0-rc01] AndroidManifest.xml:17:1-22:12
MERGED from [com.android.support:support-media-compat:28.0.0-rc01] AndroidManifest.xml:17:1-22:12
MERGED from [com.android.support:transition:28.0.0-rc01] AndroidManifest.xml:17:1-22:12
MERGED from [com.android.support:support-fragment:28.0.0-rc01] AndroidManifest.xml:17:1-22:12
MERGED from [com.android.support:support-core-ui:28.0.0-rc01] AndroidManifest.xml:17:1-22:12
MERGED from [com.android.support:viewpager:28.0.0-rc01] AndroidManifest.xml:17:1-22:12
MERGED from [com.android.support:coordinatorlayout:28.0.0-rc01] AndroidManifest.xml:17:1-22:12
MERGED from [com.android.support:drawerlayout:28.0.0-rc01] AndroidManifest.xml:17:1-22:12
MERGED from [com.android.support:slidingpanelayout:28.0.0-rc01] AndroidManifest.xml:17:1-22:12
MERGED from [com.android.support:customview:28.0.0-rc01] AndroidManifest.xml:17:1-22:12
MERGED from [com.android.support:swiperefreshlayout:28.0.0-rc01] AndroidManifest.xml:17:1-22:12
MERGED from [com.android.support:asynclayoutinflater:28.0.0-rc01] AndroidManifest.xml:17:1-22:12
MERGED from [com.android.support:support-core-utils:28.0.0-rc01] AndroidManifest.xml:17:1-22:12
MERGED from [com.android.support:loader:28.0.0-rc01] AndroidManifest.xml:17:1-22:12
MERGED from [com.android.support:support-compat:28.0.0-rc01] AndroidManifest.xml:17:1-24:12
MERGED from [android.arch.lifecycle:runtime:1.1.1] AndroidManifest.xml:17:1-22:12
MERGED from [android.arch.lifecycle:livedata:1.1.0] AndroidManifest.xml:17:1-22:12
MERGED from [android.arch.lifecycle:livedata-core:1.1.1] AndroidManifest.xml:17:1-22:12
MERGED from [android.arch.core:runtime:1.1.1] AndroidManifest.xml:17:1-22:12
MERGED from [android.arch.lifecycle:viewmodel:1.1.1] AndroidManifest.xml:17:1-22:12
MERGED from [com.android.support:versionedparcelable:28.0.0-rc01] AndroidManifest.xml:17:1-25:12
MERGED from [com.android.support:cursoradapter:28.0.0-rc01] AndroidManifest.xml:17:1-22:12
MERGED from [com.android.support:interpolator:28.0.0-rc01] AndroidManifest.xml:17:1-22:12
MERGED from [com.android.support:documentfile:28.0.0-rc01] AndroidManifest.xml:17:1-22:12
MERGED from [com.android.support:localbroadcastmanager:28.0.0-rc01] AndroidManifest.xml:17:1-22:12
MERGED from [com.android.support:print:28.0.0-rc01] AndroidManifest.xml:17:1-22:12
MERGED from [com.google.firebase:firebase-analytics-license:11.6.0] AndroidManifest.xml:2:1-6:12
MERGED from [com.google.firebase:firebase-iid-license:11.6.0] AndroidManifest.xml:2:1-6:12
MERGED from [com.google.android.gms:play-services-basement-license:11.6.0] AndroidManifest.xml:2:1-6:12
MERGED from [com.google.firebase:firebase-common-license:11.6.0] AndroidManifest.xml:2:1-6:12
MERGED from [com.google.android.gms:play-services-tasks-license:11.6.0] AndroidManifest.xml:2:1-6:12
MERGED from [com.google.firebase:firebase-analytics-impl-license:11.6.0] AndroidManifest.xml:2:1-6:12
INJECTED from PsyApp/demo/AndroidManifest.xml:2:1-540:12
INJECTED from PsyApp/demo/AndroidManifest.xml:2:1-540:12
	package
		ADDED from PsyApp/demo/AndroidManifest.xml:4:11-41
	android:versionName
		INJECTED from PsyApp/demo/AndroidManifest.xml
		ADDED from PsyApp/demo/AndroidManifest.xml:2:1-540:12
		INJECTED from PsyApp/demo/AndroidManifest.xml
	xmlns:tools
		ADDED from PsyApp/demo/AndroidManifest.xml:3:11-57
	android:versionCode
		INJECTED from PsyApp/demo/AndroidManifest.xml
		ADDED from PsyApp/demo/AndroidManifest.xml:2:1-540:12
		INJECTED from PsyApp/demo/AndroidManifest.xml
	xmlns:android
		ADDED from PsyApp/demo/AndroidManifest.xml:2:11-69
	android:installLocation
		ADDED from PsyApp/demo/AndroidManifest.xml:5:11-41
uses-permission#android.permission.INTERNET
ADDED from PsyApp/demo/AndroidManifest.xml:9:5-67
MERGED from [com.crashlytics.sdk.android:crashlytics:2.8.0] AndroidManifest.xml:9:5-67
MERGED from [com.crashlytics.sdk.android:crashlytics:2.8.0] AndroidManifest.xml:9:5-67
MERGED from [com.meizu.flyme.internet:push-internal:3.6.3] AndroidManifest.xml:11:5-67
MERGED from [com.meizu.flyme.internet:push-internal:3.6.3] AndroidManifest.xml:11:5-67
MERGED from [com.google.firebase:firebase-analytics:11.6.0] AndroidManifest.xml:20:5-66
MERGED from [com.google.firebase:firebase-analytics:11.6.0] AndroidManifest.xml:20:5-66
MERGED from [com.google.firebase:firebase-analytics-impl:11.6.0] AndroidManifest.xml:20:5-66
MERGED from [com.google.firebase:firebase-analytics-impl:11.6.0] AndroidManifest.xml:20:5-66
MERGED from [com.google.firebase:firebase-iid:11.6.0] AndroidManifest.xml:20:5-66
MERGED from [com.google.firebase:firebase-iid:11.6.0] AndroidManifest.xml:20:5-66
MERGED from [cn.leancloud.android:avoscloud-sns:v4.7.3] AndroidManifest.xml:11:5-67
MERGED from [cn.leancloud.android:avoscloud-sns:v4.7.3] AndroidManifest.xml:11:5-67
MERGED from [com.crashlytics.sdk.android:crashlytics-core:2.5.0] AndroidManifest.xml:52:5-67
MERGED from [com.crashlytics.sdk.android:crashlytics-core:2.5.0] AndroidManifest.xml:52:5-67
MERGED from [com.crashlytics.sdk.android:beta:1.2.7] AndroidManifest.xml:9:5-67
MERGED from [com.crashlytics.sdk.android:beta:1.2.7] AndroidManifest.xml:9:5-67
MERGED from [com.crashlytics.sdk.android:answers:1.4.1] AndroidManifest.xml:9:5-67
MERGED from [com.crashlytics.sdk.android:answers:1.4.1] AndroidManifest.xml:9:5-67
MERGED from [io.fabric.sdk.android:fabric:1.4.1] AndroidManifest.xml:29:5-67
MERGED from [io.fabric.sdk.android:fabric:1.4.1] AndroidManifest.xml:29:5-67
	android:name
		ADDED from PsyApp/demo/AndroidManifest.xml:9:22-64
uses-permission#android.permission.ACCESS_NETWORK_STATE
ADDED from PsyApp/demo/AndroidManifest.xml:10:5-79
MERGED from [com.meizu.flyme.internet:push-internal:3.6.3] AndroidManifest.xml:13:5-79
MERGED from [com.meizu.flyme.internet:push-internal:3.6.3] AndroidManifest.xml:13:5-79
MERGED from [com.google.firebase:firebase-analytics:11.6.0] AndroidManifest.xml:21:5-78
MERGED from [com.google.firebase:firebase-analytics:11.6.0] AndroidManifest.xml:21:5-78
MERGED from [com.google.firebase:firebase-analytics-impl:11.6.0] AndroidManifest.xml:21:5-78
MERGED from [com.google.firebase:firebase-analytics-impl:11.6.0] AndroidManifest.xml:21:5-78
MERGED from [com.google.firebase:firebase-iid:11.6.0] AndroidManifest.xml:19:5-78
MERGED from [com.google.firebase:firebase-iid:11.6.0] AndroidManifest.xml:19:5-78
MERGED from [cn.leancloud.android:avoscloud-sns:v4.7.3] AndroidManifest.xml:14:5-79
MERGED from [cn.leancloud.android:avoscloud-sns:v4.7.3] AndroidManifest.xml:14:5-79
	android:name
		ADDED from PsyApp/demo/AndroidManifest.xml:10:22-76
uses-permission#android.permission.ACCESS_WIFI_STATE
ADDED from PsyApp/demo/AndroidManifest.xml:11:5-76
MERGED from [com.meizu.flyme.internet:push-internal:3.6.3] AndroidManifest.xml:16:5-76
MERGED from [com.meizu.flyme.internet:push-internal:3.6.3] AndroidManifest.xml:16:5-76
	android:name
		ADDED from PsyApp/demo/AndroidManifest.xml:11:22-73
uses-permission#android.permission.CHANGE_WIFI_STATE
ADDED from PsyApp/demo/AndroidManifest.xml:12:5-76
	android:name
		ADDED from PsyApp/demo/AndroidManifest.xml:12:22-73
uses-permission#android.permission.READ_EXTERNAL_STORAGE
ADDED from PsyApp/demo/AndroidManifest.xml:15:5-80
MERGED from [com.meizu.flyme.internet:push-internal:3.6.3] AndroidManifest.xml:14:5-80
MERGED from [com.meizu.flyme.internet:push-internal:3.6.3] AndroidManifest.xml:14:5-80
	android:name
		ADDED from PsyApp/demo/AndroidManifest.xml:15:22-77
uses-permission#android.permission.WRITE_EXTERNAL_STORAGE
ADDED from PsyApp/demo/AndroidManifest.xml:16:5-81
MERGED from [com.meizu.flyme.internet:push-internal:3.6.3] AndroidManifest.xml:15:5-81
MERGED from [com.meizu.flyme.internet:push-internal:3.6.3] AndroidManifest.xml:15:5-81
	android:name
		ADDED from PsyApp/demo/AndroidManifest.xml:16:22-78
uses-permission#android.permission.ACCESS_FINE_LOCATION
ADDED from PsyApp/demo/AndroidManifest.xml:19:5-79
	android:name
		ADDED from PsyApp/demo/AndroidManifest.xml:19:22-76
uses-permission#android.permission.ACCESS_COARSE_LOCATION
ADDED from PsyApp/demo/AndroidManifest.xml:20:5-81
	android:name
		ADDED from PsyApp/demo/AndroidManifest.xml:20:22-78
uses-permission#android.permission.ACCESS_LOCATION_EXTRA_COMMANDS
ADDED from PsyApp/demo/AndroidManifest.xml:21:5-89
	android:name
		ADDED from PsyApp/demo/AndroidManifest.xml:21:22-86
uses-permission#android.permission.READ_PHONE_STATE
ADDED from PsyApp/demo/AndroidManifest.xml:24:5-75
MERGED from [com.meizu.flyme.internet:push-internal:3.6.3] AndroidManifest.xml:12:5-75
MERGED from [com.meizu.flyme.internet:push-internal:3.6.3] AndroidManifest.xml:12:5-75
	android:name
		ADDED from PsyApp/demo/AndroidManifest.xml:24:22-72
uses-permission#android.permission.CAMERA
ADDED from PsyApp/demo/AndroidManifest.xml:25:5-65
	android:name
		ADDED from PsyApp/demo/AndroidManifest.xml:25:22-62
uses-permission#android.permission.RECORD_AUDIO
ADDED from PsyApp/demo/AndroidManifest.xml:26:5-71
	android:name
		ADDED from PsyApp/demo/AndroidManifest.xml:26:22-68
uses-permission#android.permission.BLUETOOTH
ADDED from PsyApp/demo/AndroidManifest.xml:27:5-68
	android:name
		ADDED from PsyApp/demo/AndroidManifest.xml:27:22-65
uses-permission#android.permission.BLUETOOTH_ADMIN
ADDED from PsyApp/demo/AndroidManifest.xml:28:5-74
	android:name
		ADDED from PsyApp/demo/AndroidManifest.xml:28:22-71
uses-permission#android.permission.GET_TASKS
ADDED from PsyApp/demo/AndroidManifest.xml:31:5-68
	android:name
		ADDED from PsyApp/demo/AndroidManifest.xml:31:22-65
uses-permission#android.permission.FLASHLIGHT
ADDED from PsyApp/demo/AndroidManifest.xml:32:5-69
	android:name
		ADDED from PsyApp/demo/AndroidManifest.xml:32:22-66
uses-permission#android.permission.VIBRATE
ADDED from PsyApp/demo/AndroidManifest.xml:33:5-66
MERGED from [cn.leancloud.android:avoscloud-sns:v4.7.3] AndroidManifest.xml:13:5-66
MERGED from [cn.leancloud.android:avoscloud-sns:v4.7.3] AndroidManifest.xml:13:5-66
	android:name
		ADDED from PsyApp/demo/AndroidManifest.xml:33:22-63
uses-permission#android.permission.CHANGE_CONFIGURATION
ADDED from PsyApp/demo/AndroidManifest.xml:34:5-79
	android:name
		ADDED from PsyApp/demo/AndroidManifest.xml:34:22-76
uses-permission#android.permission.MODIFY_AUDIO_SETTINGS
ADDED from PsyApp/demo/AndroidManifest.xml:35:5-80
	android:name
		ADDED from PsyApp/demo/AndroidManifest.xml:35:22-77
uses-permission#android.permission.WRITE_SETTINGS
ADDED from PsyApp/demo/AndroidManifest.xml:36:5-73
	android:name
		ADDED from PsyApp/demo/AndroidManifest.xml:36:22-70
uses-permission#android.permission.DISABLE_KEYGUARD
ADDED from PsyApp/demo/AndroidManifest.xml:38:5-75
	android:name
		ADDED from PsyApp/demo/AndroidManifest.xml:38:22-72
uses-permission#android.permission.WAKE_LOCK
ADDED from PsyApp/demo/AndroidManifest.xml:39:5-68
MERGED from [com.google.firebase:firebase-analytics:11.6.0] AndroidManifest.xml:22:5-67
MERGED from [com.google.firebase:firebase-analytics:11.6.0] AndroidManifest.xml:22:5-67
MERGED from [com.google.firebase:firebase-analytics-impl:11.6.0] AndroidManifest.xml:22:5-67
MERGED from [com.google.firebase:firebase-analytics-impl:11.6.0] AndroidManifest.xml:22:5-67
MERGED from [com.google.firebase:firebase-iid:11.6.0] AndroidManifest.xml:21:5-67
MERGED from [com.google.firebase:firebase-iid:11.6.0] AndroidManifest.xml:21:5-67
	android:name
		ADDED from PsyApp/demo/AndroidManifest.xml:39:22-65
permission#com.netease.nim.demo.permission.RECEIVE_MSG
ADDED from PsyApp/demo/AndroidManifest.xml:43:5-45:47
	android:protectionLevel
		ADDED from PsyApp/demo/AndroidManifest.xml:45:9-44
	android:name
		ADDED from PsyApp/demo/AndroidManifest.xml:44:9-67
uses-permission#com.netease.nim.demo.permission.RECEIVE_MSG
ADDED from PsyApp/demo/AndroidManifest.xml:48:5-83
	android:name
		ADDED from PsyApp/demo/AndroidManifest.xml:48:22-80
permission#com.netease.nim.demo.permission.MIPUSH_RECEIVE
ADDED from PsyApp/demo/AndroidManifest.xml:51:5-53:47
	android:protectionLevel
		ADDED from PsyApp/demo/AndroidManifest.xml:53:9-44
	android:name
		ADDED from PsyApp/demo/AndroidManifest.xml:52:9-70
uses-permission#com.netease.nim.demo.permission.MIPUSH_RECEIVE
ADDED from PsyApp/demo/AndroidManifest.xml:54:5-86
	android:name
		ADDED from PsyApp/demo/AndroidManifest.xml:54:22-83
uses-sdk
ADDED from PsyApp/demo/AndroidManifest.xml:56:5-97
INJECTED from PsyApp/demo/AndroidManifest.xml:56:5-97
INJECTED from PsyApp/demo/AndroidManifest.xml:56:5-97
MERGED from [:uikit] AndroidManifest.xml:7:5-9:41
MERGED from [:uikit] AndroidManifest.xml:7:5-9:41
MERGED from [:app] AndroidManifest.xml:7:5-9:41
MERGED from [:app] AndroidManifest.xml:7:5-9:41
MERGED from [cn.leancloud.android:avoscloud-push:v4.7.3] AndroidManifest.xml:7:5-9:41
MERGED from [cn.leancloud.android:avoscloud-push:v4.7.3] AndroidManifest.xml:7:5-9:41
MERGED from [com.crashlytics.sdk.android:crashlytics:2.8.0] AndroidManifest.xml:7:5-43
MERGED from [com.crashlytics.sdk.android:crashlytics:2.8.0] AndroidManifest.xml:7:5-43
MERGED from [:rtskit] AndroidManifest.xml:7:5-9:41
MERGED from [:rtskit] AndroidManifest.xml:7:5-9:41
MERGED from [com.google.firebase:firebase-core:11.6.0] AndroidManifest.xml:4:5-43
MERGED from [com.google.firebase:firebase-core:11.6.0] AndroidManifest.xml:4:5-43
MERGED from [com.android.support:multidex:1.0.2] AndroidManifest.xml:20:5-43
MERGED from [com.android.support:multidex:1.0.2] AndroidManifest.xml:20:5-43
MERGED from [com.google.firebase:firebase-messaging:11.6.0] AndroidManifest.xml:17:5-43
MERGED from [com.google.firebase:firebase-messaging:11.6.0] AndroidManifest.xml:17:5-43
MERGED from [com.google.android.gms:play-services-base:11.6.0] AndroidManifest.xml:17:5-43
MERGED from [com.google.android.gms:play-services-base:11.6.0] AndroidManifest.xml:17:5-43
MERGED from [com.meizu.flyme.internet:push-internal:3.6.3] AndroidManifest.xml:7:5-9:41
MERGED from [com.meizu.flyme.internet:push-internal:3.6.3] AndroidManifest.xml:7:5-9:41
MERGED from [com.huawei.android.hms:push:2.6.0.301] AndroidManifest.xml:5:5-7:41
MERGED from [com.huawei.android.hms:push:2.6.0.301] AndroidManifest.xml:5:5-7:41
MERGED from [com.netease.nimlib:jsbridge:1.3.1] AndroidManifest.xml:7:5-9:41
MERGED from [com.netease.nimlib:jsbridge:1.3.1] AndroidManifest.xml:7:5-9:41
MERGED from [android.arch.lifecycle:extensions:1.1.0] AndroidManifest.xml:20:5-44
MERGED from [android.arch.lifecycle:extensions:1.1.0] AndroidManifest.xml:20:5-44
MERGED from [com.android.support:design:28.0.0-rc01] AndroidManifest.xml:20:5-44
MERGED from [com.android.support:design:28.0.0-rc01] AndroidManifest.xml:20:5-44
MERGED from [com.android.support:appcompat-v7:28.0.0-rc01] AndroidManifest.xml:20:5-44
MERGED from [com.android.support:appcompat-v7:28.0.0-rc01] AndroidManifest.xml:20:5-44
MERGED from [com.android.support:cardview-v7:28.0.0-rc01] AndroidManifest.xml:20:5-44
MERGED from [com.android.support:cardview-v7:28.0.0-rc01] AndroidManifest.xml:20:5-44
MERGED from [me.everything:overscroll-decor-android:1.0.4] AndroidManifest.xml:8:5-10:41
MERGED from [me.everything:overscroll-decor-android:1.0.4] AndroidManifest.xml:8:5-10:41
MERGED from [com.android.support:recyclerview-v7:28.0.0-rc01] AndroidManifest.xml:20:5-44
MERGED from [com.android.support:recyclerview-v7:28.0.0-rc01] AndroidManifest.xml:20:5-44
MERGED from [de.hdodenhof:circleimageview:2.1.0] AndroidManifest.xml:5:5-7:41
MERGED from [de.hdodenhof:circleimageview:2.1.0] AndroidManifest.xml:5:5-7:41
MERGED from [jp.wasabeef:glide-transformations:3.0.1] AndroidManifest.xml:8:5-10:41
MERGED from [jp.wasabeef:glide-transformations:3.0.1] AndroidManifest.xml:8:5-10:41
MERGED from [pl.droidsonroids.gif:android-gif-drawable:1.1.17] AndroidManifest.xml:7:5-9:41
MERGED from [pl.droidsonroids.gif:android-gif-drawable:1.1.17] AndroidManifest.xml:7:5-9:41
MERGED from [com.google.firebase:firebase-analytics:11.6.0] AndroidManifest.xml:17:5-43
MERGED from [com.google.firebase:firebase-analytics:11.6.0] AndroidManifest.xml:17:5-43
MERGED from [com.google.firebase:firebase-analytics-impl:11.6.0] AndroidManifest.xml:17:5-43
MERGED from [com.google.firebase:firebase-analytics-impl:11.6.0] AndroidManifest.xml:17:5-43
MERGED from [com.google.firebase:firebase-iid:11.6.0] AndroidManifest.xml:17:5-43
MERGED from [com.google.firebase:firebase-iid:11.6.0] AndroidManifest.xml:17:5-43
MERGED from [com.google.firebase:firebase-common:11.6.0] AndroidManifest.xml:3:5-43
MERGED from [com.google.firebase:firebase-common:11.6.0] AndroidManifest.xml:3:5-43
MERGED from [com.google.android.gms:play-services-tasks:11.6.0] AndroidManifest.xml:3:5-43
MERGED from [com.google.android.gms:play-services-tasks:11.6.0] AndroidManifest.xml:3:5-43
MERGED from [com.google.android.gms:play-services-basement:11.6.0] AndroidManifest.xml:17:5-43
MERGED from [com.google.android.gms:play-services-basement:11.6.0] AndroidManifest.xml:17:5-43
MERGED from [com.android.support:support-v4:28.0.0-rc01] AndroidManifest.xml:20:5-44
MERGED from [com.android.support:support-v4:28.0.0-rc01] AndroidManifest.xml:20:5-44
MERGED from [cn.leancloud.android:avoscloud-feedback:v4.7.3] AndroidManifest.xml:7:5-9:41
MERGED from [cn.leancloud.android:avoscloud-feedback:v4.7.3] AndroidManifest.xml:7:5-9:41
MERGED from [cn.leancloud.android:avoscloud-sns:v4.7.3] AndroidManifest.xml:7:5-9:41
MERGED from [cn.leancloud.android:avoscloud-sns:v4.7.3] AndroidManifest.xml:7:5-9:41
MERGED from [cn.leancloud.android:avoscloud-search:v4.7.3] AndroidManifest.xml:7:5-9:41
MERGED from [cn.leancloud.android:avoscloud-search:v4.7.3] AndroidManifest.xml:7:5-9:41
MERGED from [com.crashlytics.sdk.android:crashlytics-core:2.5.0] AndroidManifest.xml:50:5-43
MERGED from [com.crashlytics.sdk.android:crashlytics-core:2.5.0] AndroidManifest.xml:50:5-43
MERGED from [com.crashlytics.sdk.android:beta:1.2.7] AndroidManifest.xml:7:5-43
MERGED from [com.crashlytics.sdk.android:beta:1.2.7] AndroidManifest.xml:7:5-43
MERGED from [com.crashlytics.sdk.android:answers:1.4.1] AndroidManifest.xml:7:5-43
MERGED from [com.crashlytics.sdk.android:answers:1.4.1] AndroidManifest.xml:7:5-43
MERGED from [io.fabric.sdk.android:fabric:1.4.1] AndroidManifest.xml:27:5-43
MERGED from [io.fabric.sdk.android:fabric:1.4.1] AndroidManifest.xml:27:5-43
MERGED from [com.android.support.constraint:constraint-layout:1.0.2] AndroidManifest.xml:5:5-7:41
MERGED from [com.android.support.constraint:constraint-layout:1.0.2] AndroidManifest.xml:5:5-7:41
MERGED from [me.leolin:ShortcutBadger:1.1.17] AndroidManifest.xml:7:5-9:41
MERGED from [me.leolin:ShortcutBadger:1.1.17] AndroidManifest.xml:7:5-9:41
MERGED from [com.google.firebase:firebase-messaging-license:11.6.0] AndroidManifest.xml:4:5-43
MERGED from [com.google.firebase:firebase-messaging-license:11.6.0] AndroidManifest.xml:4:5-43
MERGED from [com.google.android.gms:play-services-base-license:11.6.0] AndroidManifest.xml:4:5-43
MERGED from [com.google.android.gms:play-services-base-license:11.6.0] AndroidManifest.xml:4:5-43
MERGED from [com.huawei.android.hms:base:2.6.0.301] AndroidManifest.xml:5:5-7:41
MERGED from [com.huawei.android.hms:base:2.6.0.301] AndroidManifest.xml:5:5-7:41
MERGED from [com.android.support:animated-vector-drawable:28.0.0-rc01] AndroidManifest.xml:20:5-44
MERGED from [com.android.support:animated-vector-drawable:28.0.0-rc01] AndroidManifest.xml:20:5-44
MERGED from [com.android.support:support-vector-drawable:28.0.0-rc01] AndroidManifest.xml:20:5-44
MERGED from [com.android.support:support-vector-drawable:28.0.0-rc01] AndroidManifest.xml:20:5-44
MERGED from [com.android.support:support-media-compat:28.0.0-rc01] AndroidManifest.xml:20:5-44
MERGED from [com.android.support:support-media-compat:28.0.0-rc01] AndroidManifest.xml:20:5-44
MERGED from [com.android.support:transition:28.0.0-rc01] AndroidManifest.xml:20:5-44
MERGED from [com.android.support:transition:28.0.0-rc01] AndroidManifest.xml:20:5-44
MERGED from [com.android.support:support-fragment:28.0.0-rc01] AndroidManifest.xml:20:5-44
MERGED from [com.android.support:support-fragment:28.0.0-rc01] AndroidManifest.xml:20:5-44
MERGED from [com.android.support:support-core-ui:28.0.0-rc01] AndroidManifest.xml:20:5-44
MERGED from [com.android.support:support-core-ui:28.0.0-rc01] AndroidManifest.xml:20:5-44
MERGED from [com.android.support:viewpager:28.0.0-rc01] AndroidManifest.xml:20:5-44
MERGED from [com.android.support:viewpager:28.0.0-rc01] AndroidManifest.xml:20:5-44
MERGED from [com.android.support:coordinatorlayout:28.0.0-rc01] AndroidManifest.xml:20:5-44
MERGED from [com.android.support:coordinatorlayout:28.0.0-rc01] AndroidManifest.xml:20:5-44
MERGED from [com.android.support:drawerlayout:28.0.0-rc01] AndroidManifest.xml:20:5-44
MERGED from [com.android.support:drawerlayout:28.0.0-rc01] AndroidManifest.xml:20:5-44
MERGED from [com.android.support:slidingpanelayout:28.0.0-rc01] AndroidManifest.xml:20:5-44
MERGED from [com.android.support:slidingpanelayout:28.0.0-rc01] AndroidManifest.xml:20:5-44
MERGED from [com.android.support:customview:28.0.0-rc01] AndroidManifest.xml:20:5-44
MERGED from [com.android.support:customview:28.0.0-rc01] AndroidManifest.xml:20:5-44
MERGED from [com.android.support:swiperefreshlayout:28.0.0-rc01] AndroidManifest.xml:20:5-44
MERGED from [com.android.support:swiperefreshlayout:28.0.0-rc01] AndroidManifest.xml:20:5-44
MERGED from [com.android.support:asynclayoutinflater:28.0.0-rc01] AndroidManifest.xml:20:5-44
MERGED from [com.android.support:asynclayoutinflater:28.0.0-rc01] AndroidManifest.xml:20:5-44
MERGED from [com.android.support:support-core-utils:28.0.0-rc01] AndroidManifest.xml:20:5-44
MERGED from [com.android.support:support-core-utils:28.0.0-rc01] AndroidManifest.xml:20:5-44
MERGED from [com.android.support:loader:28.0.0-rc01] AndroidManifest.xml:20:5-44
MERGED from [com.android.support:loader:28.0.0-rc01] AndroidManifest.xml:20:5-44
MERGED from [com.android.support:support-compat:28.0.0-rc01] AndroidManifest.xml:20:5-44
MERGED from [com.android.support:support-compat:28.0.0-rc01] AndroidManifest.xml:20:5-44
MERGED from [android.arch.lifecycle:runtime:1.1.1] AndroidManifest.xml:20:5-44
MERGED from [android.arch.lifecycle:runtime:1.1.1] AndroidManifest.xml:20:5-44
MERGED from [android.arch.lifecycle:livedata:1.1.0] AndroidManifest.xml:20:5-44
MERGED from [android.arch.lifecycle:livedata:1.1.0] AndroidManifest.xml:20:5-44
MERGED from [android.arch.lifecycle:livedata-core:1.1.1] AndroidManifest.xml:20:5-44
MERGED from [android.arch.lifecycle:livedata-core:1.1.1] AndroidManifest.xml:20:5-44
MERGED from [android.arch.core:runtime:1.1.1] AndroidManifest.xml:20:5-44
MERGED from [android.arch.core:runtime:1.1.1] AndroidManifest.xml:20:5-44
MERGED from [android.arch.lifecycle:viewmodel:1.1.1] AndroidManifest.xml:20:5-44
MERGED from [android.arch.lifecycle:viewmodel:1.1.1] AndroidManifest.xml:20:5-44
MERGED from [com.android.support:versionedparcelable:28.0.0-rc01] AndroidManifest.xml:20:5-44
MERGED from [com.android.support:versionedparcelable:28.0.0-rc01] AndroidManifest.xml:20:5-44
MERGED from [com.android.support:cursoradapter:28.0.0-rc01] AndroidManifest.xml:20:5-44
MERGED from [com.android.support:cursoradapter:28.0.0-rc01] AndroidManifest.xml:20:5-44
MERGED from [com.android.support:interpolator:28.0.0-rc01] AndroidManifest.xml:20:5-44
MERGED from [com.android.support:interpolator:28.0.0-rc01] AndroidManifest.xml:20:5-44
MERGED from [com.android.support:documentfile:28.0.0-rc01] AndroidManifest.xml:20:5-44
MERGED from [com.android.support:documentfile:28.0.0-rc01] AndroidManifest.xml:20:5-44
MERGED from [com.android.support:localbroadcastmanager:28.0.0-rc01] AndroidManifest.xml:20:5-44
MERGED from [com.android.support:localbroadcastmanager:28.0.0-rc01] AndroidManifest.xml:20:5-44
MERGED from [com.android.support:print:28.0.0-rc01] AndroidManifest.xml:20:5-44
MERGED from [com.android.support:print:28.0.0-rc01] AndroidManifest.xml:20:5-44
MERGED from [com.google.firebase:firebase-analytics-license:11.6.0] AndroidManifest.xml:4:5-43
MERGED from [com.google.firebase:firebase-analytics-license:11.6.0] AndroidManifest.xml:4:5-43
MERGED from [com.google.firebase:firebase-iid-license:11.6.0] AndroidManifest.xml:4:5-43
MERGED from [com.google.firebase:firebase-iid-license:11.6.0] AndroidManifest.xml:4:5-43
MERGED from [com.google.android.gms:play-services-basement-license:11.6.0] AndroidManifest.xml:4:5-43
MERGED from [com.google.android.gms:play-services-basement-license:11.6.0] AndroidManifest.xml:4:5-43
MERGED from [com.google.firebase:firebase-common-license:11.6.0] AndroidManifest.xml:4:5-43
MERGED from [com.google.firebase:firebase-common-license:11.6.0] AndroidManifest.xml:4:5-43
MERGED from [com.google.android.gms:play-services-tasks-license:11.6.0] AndroidManifest.xml:4:5-43
MERGED from [com.google.android.gms:play-services-tasks-license:11.6.0] AndroidManifest.xml:4:5-43
MERGED from [com.google.firebase:firebase-analytics-impl-license:11.6.0] AndroidManifest.xml:4:5-43
MERGED from [com.google.firebase:firebase-analytics-impl-license:11.6.0] AndroidManifest.xml:4:5-43
INJECTED from PsyApp/demo/AndroidManifest.xml:56:5-97
INJECTED from PsyApp/demo/AndroidManifest.xml:56:5-97
	tools:overrideLibrary
		ADDED from PsyApp/demo/AndroidManifest.xml:56:15-94
	android:targetSdkVersion
		INJECTED from PsyApp/demo/AndroidManifest.xml
		ADDED from PsyApp/demo/AndroidManifest.xml:56:5-97
		INJECTED from PsyApp/demo/AndroidManifest.xml
	android:minSdkVersion
		INJECTED from PsyApp/demo/AndroidManifest.xml
		ADDED from PsyApp/demo/AndroidManifest.xml:56:5-97
		INJECTED from PsyApp/demo/AndroidManifest.xml
uses-permission#com.meizu.flyme.push.permission.RECEIVE
ADDED from PsyApp/demo/AndroidManifest.xml:60:5-79
	android:name
		ADDED from PsyApp/demo/AndroidManifest.xml:60:22-76
permission#com.netease.nim.demo.push.permission.MESSAGE
ADDED from PsyApp/demo/AndroidManifest.xml:61:5-62:54
	android:protectionLevel
		ADDED from PsyApp/demo/AndroidManifest.xml:62:17-52
	android:name
		ADDED from PsyApp/demo/AndroidManifest.xml:61:17-76